Start testing: Dec 20 00:19 EST
----------------------------------------------------------
1/1 Testing: ropiapp_test
1/1 Test: ropiapp_test
Command: "/usr/bin/python3.10" "-u" "/opt/ros/humble/share/ament_cmake_test/cmake/run_test.py" "/home/tej/Documents/CNH/DockerImages/glxgears/code/warehouse_autonomous_robo_picker/build/ropiapp/test_results/ropiapp/ropiapp_test.gtest.xml" "--package-name" "ropiapp" "--output-file" "/home/tej/Documents/CNH/DockerImages/glxgears/code/warehouse_autonomous_robo_picker/build/ropiapp/ament_cmake_gtest/ropiapp_test.txt" "--command" "/home/tej/Documents/CNH/DockerImages/glxgears/code/warehouse_autonomous_robo_picker/build/ropiapp/ropiapp_test" "--gtest_output=xml:/home/tej/Documents/CNH/DockerImages/glxgears/code/warehouse_autonomous_robo_picker/build/ropiapp/test_results/ropiapp/ropiapp_test.gtest.xml"
Directory: /home/tej/Documents/CNH/DockerImages/glxgears/code/warehouse_autonomous_robo_picker/build/ropiapp
"ropiapp_test" start time: Dec 20 00:19 EST
Output:
----------------------------------------------------------
-- run_test.py: invoking following command in '/home/tej/Documents/CNH/DockerImages/glxgears/code/warehouse_autonomous_robo_picker/build/ropiapp':
 - /home/tej/Documents/CNH/DockerImages/glxgears/code/warehouse_autonomous_robo_picker/build/ropiapp/ropiapp_test --gtest_output=xml:/home/tej/Documents/CNH/DockerImages/glxgears/code/warehouse_autonomous_robo_picker/build/ropiapp/test_results/ropiapp/ropiapp_test.gtest.xml
[==========] Running 1 test from 1 test suite.
[----------] Global test environment set-up.
[----------] 1 test from context_test
[ RUN      ] context_test.execute_verification
[       OK ] context_test.execute_verification (0 ms)
[----------] 1 test from context_test (0 ms total)

[----------] Global test environment tear-down
[==========] 1 test from 1 test suite ran. (0 ms total)
[  PASSED  ] 1 test.
-- run_test.py: return code 0
-- run_test.py: inject classname prefix into gtest result file '/home/tej/Documents/CNH/DockerImages/glxgears/code/warehouse_autonomous_robo_picker/build/ropiapp/test_results/ropiapp/ropiapp_test.gtest.xml'
-- run_test.py: verify result file '/home/tej/Documents/CNH/DockerImages/glxgears/code/warehouse_autonomous_robo_picker/build/ropiapp/test_results/ropiapp/ropiapp_test.gtest.xml'
<end of output>
Test time =   0.03 sec
----------------------------------------------------------
Test Passed.
"ropiapp_test" end time: Dec 20 00:19 EST
"ropiapp_test" time elapsed: 00:00:00
----------------------------------------------------------

End testing: Dec 20 00:19 EST

gtest =   0.03 sec*proc

