<?xml version="1.0" encoding="UTF-8"?>
<Site BuildName="(empty)"
	BuildStamp="20231220-0519-Experimental"
	Name="tejpc"
	Generator="ctest-3.22.1"
	CompilerName="/usr/bin/c++"
	CompilerVersion="11.4.0"
	OSName="Linux"
	Hostname="tejpc"
	OSRelease="6.4.3-060403-generic"
	OSVersion="#202307110536 SMP PREEMPT_DYNAMIC Tue Jul 11 05:43:58 UTC 2023"
	OSPlatform="x86_64"
	Is64Bits="1"
	VendorString="AuthenticAMD"
	VendorID="Advanced Micro Devices"
	FamilyID="25"
	ModelID="97"
	ProcessorCacheSize="1024"
	NumberOfLogicalCPU="32"
	NumberOfPhysicalCPU="16"
	TotalVirtualMemory="0"
	TotalPhysicalMemory="31256"
	LogicalProcessorsPerPhysical="2"
	ProcessorClockFrequency="1617.59"
	>
	<Testing>
		<StartDateTime>Dec 20 00:19 EST</StartDateTime>
		<StartTestTime>1703049577</StartTestTime>
		<TestList>
			<Test>./flake8</Test>
			<Test>./lint_cmake</Test>
			<Test>./pep257</Test>
			<Test>./xmllint</Test>
		</TestList>
		<Test Status="failed">
			<Name>flake8</Name>
			<Path>.</Path>
			<FullName>./flake8</FullName>
			<FullCommandLine>/usr/bin/python3.10 "-u" "/opt/ros/humble/share/ament_cmake_test/cmake/run_test.py" "/home/tej/Documents/CNH/DockerImages/glxgears/code/warehouse_autonomous_robo_picker/build/ropislam/test_results/ropislam/flake8.xunit.xml" "--package-name" "ropislam" "--output-file" "/home/tej/Documents/CNH/DockerImages/glxgears/code/warehouse_autonomous_robo_picker/build/ropislam/ament_flake8/flake8.txt" "--command" "/opt/ros/humble/bin/ament_flake8" "--xunit-file" "/home/tej/Documents/CNH/DockerImages/glxgears/code/warehouse_autonomous_robo_picker/build/ropislam/test_results/ropislam/flake8.xunit.xml"</FullCommandLine>
			<Results>
				<NamedMeasurement type="text/string" name="Exit Code">
					<Value>Failed</Value>
				</NamedMeasurement>
				<NamedMeasurement type="text/string" name="Exit Value">
					<Value>1</Value>
				</NamedMeasurement>
				<NamedMeasurement type="numeric/double" name="Execution Time">
					<Value>0.141634</Value>
				</NamedMeasurement>
				<NamedMeasurement type="numeric/double" name="Processors">
					<Value>1</Value>
				</NamedMeasurement>
				<NamedMeasurement type="text/string" name="Completion Status">
					<Value>Completed</Value>
				</NamedMeasurement>
				<NamedMeasurement type="text/string" name="Command Line">
					<Value>/usr/bin/python3.10 "-u" "/opt/ros/humble/share/ament_cmake_test/cmake/run_test.py" "/home/tej/Documents/CNH/DockerImages/glxgears/code/warehouse_autonomous_robo_picker/build/ropislam/test_results/ropislam/flake8.xunit.xml" "--package-name" "ropislam" "--output-file" "/home/tej/Documents/CNH/DockerImages/glxgears/code/warehouse_autonomous_robo_picker/build/ropislam/ament_flake8/flake8.txt" "--command" "/opt/ros/humble/bin/ament_flake8" "--xunit-file" "/home/tej/Documents/CNH/DockerImages/glxgears/code/warehouse_autonomous_robo_picker/build/ropislam/test_results/ropislam/flake8.xunit.xml"</Value>
				</NamedMeasurement>
				<NamedMeasurement type="text/string" name="Environment">
					<Value>#CTEST_RESOURCE_GROUP_COUNT=</Value>
				</NamedMeasurement>
				<Measurement>
					<Value>-- run_test.py: invoking following command in '/home/tej/Documents/CNH/DockerImages/glxgears/code/warehouse_autonomous_robo_picker/src/ropislam':
 - /opt/ros/humble/bin/ament_flake8 --xunit-file /home/tej/Documents/CNH/DockerImages/glxgears/code/warehouse_autonomous_robo_picker/build/ropislam/test_results/ropislam/flake8.xunit.xml
from launch import launch_description_sources
^
from launch import actions
^
from launch_ros.actions import Node
^
    
^
    # Define launch file arguments
    ^
   
^
    # slam_toolbox_dir = get_package_share_directory('slam_toolbox')
    ^
    ld.add_action(arg_sim)
    ^
    return ld             ^
3     E303 too many blank lines (2)
3     F401 'launch.launch_description_sources' imported but unused
1     W292 no newline at end of file
2     W293 blank line contains whitespace

./launch/slam.launch.py:4:1: F401 'launch.launch_description_sources' imported but unused

./launch/slam.launch.py:5:1: F401 'launch.actions' imported but unused

./launch/slam.launch.py:7:1: F401 'launch_ros.actions.Node' imported but unused

./launch/slam.launch.py:16:1: W293 blank line contains whitespace

./launch/slam.launch.py:17:5: E303 too many blank lines (2)

./launch/slam.launch.py:29:1: W293 blank line contains whitespace

./launch/slam.launch.py:31:5: E303 too many blank lines (2)

./launch/slam.launch.py:48:5: E303 too many blank lines (2)

./launch/slam.launch.py:51:14: W292 no newline at end of file


1 files checked
9 errors

'E'-type errors: 3
'F'-type errors: 3
'W'-type errors: 3

Checked files:

* ./launch/slam.launch.py
-- run_test.py: return code 1
-- run_test.py: verify result file '/home/tej/Documents/CNH/DockerImages/glxgears/code/warehouse_autonomous_robo_picker/build/ropislam/test_results/ropislam/flake8.xunit.xml'
</Value>
				</Measurement>
			</Results>
			<Labels>
				<Label>flake8</Label>
				<Label>linter</Label>
			</Labels>
		</Test>
		<Test Status="passed">
			<Name>lint_cmake</Name>
			<Path>.</Path>
			<FullName>./lint_cmake</FullName>
			<FullCommandLine>/usr/bin/python3.10 "-u" "/opt/ros/humble/share/ament_cmake_test/cmake/run_test.py" "/home/tej/Documents/CNH/DockerImages/glxgears/code/warehouse_autonomous_robo_picker/build/ropislam/test_results/ropislam/lint_cmake.xunit.xml" "--package-name" "ropislam" "--output-file" "/home/tej/Documents/CNH/DockerImages/glxgears/code/warehouse_autonomous_robo_picker/build/ropislam/ament_lint_cmake/lint_cmake.txt" "--command" "/opt/ros/humble/bin/ament_lint_cmake" "--xunit-file" "/home/tej/Documents/CNH/DockerImages/glxgears/code/warehouse_autonomous_robo_picker/build/ropislam/test_results/ropislam/lint_cmake.xunit.xml"</FullCommandLine>
			<Results>
				<NamedMeasurement type="numeric/double" name="Execution Time">
					<Value>0.0722235</Value>
				</NamedMeasurement>
				<NamedMeasurement type="numeric/double" name="Processors">
					<Value>1</Value>
				</NamedMeasurement>
				<NamedMeasurement type="text/string" name="Completion Status">
					<Value>Completed</Value>
				</NamedMeasurement>
				<NamedMeasurement type="text/string" name="Command Line">
					<Value>/usr/bin/python3.10 "-u" "/opt/ros/humble/share/ament_cmake_test/cmake/run_test.py" "/home/tej/Documents/CNH/DockerImages/glxgears/code/warehouse_autonomous_robo_picker/build/ropislam/test_results/ropislam/lint_cmake.xunit.xml" "--package-name" "ropislam" "--output-file" "/home/tej/Documents/CNH/DockerImages/glxgears/code/warehouse_autonomous_robo_picker/build/ropislam/ament_lint_cmake/lint_cmake.txt" "--command" "/opt/ros/humble/bin/ament_lint_cmake" "--xunit-file" "/home/tej/Documents/CNH/DockerImages/glxgears/code/warehouse_autonomous_robo_picker/build/ropislam/test_results/ropislam/lint_cmake.xunit.xml"</Value>
				</NamedMeasurement>
				<NamedMeasurement type="text/string" name="Environment">
					<Value>#CTEST_RESOURCE_GROUP_COUNT=</Value>
				</NamedMeasurement>
				<Measurement>
					<Value>-- run_test.py: invoking following command in '/home/tej/Documents/CNH/DockerImages/glxgears/code/warehouse_autonomous_robo_picker/src/ropislam':
 - /opt/ros/humble/bin/ament_lint_cmake --xunit-file /home/tej/Documents/CNH/DockerImages/glxgears/code/warehouse_autonomous_robo_picker/build/ropislam/test_results/ropislam/lint_cmake.xunit.xml

No problems found
-- run_test.py: return code 0
-- run_test.py: verify result file '/home/tej/Documents/CNH/DockerImages/glxgears/code/warehouse_autonomous_robo_picker/build/ropislam/test_results/ropislam/lint_cmake.xunit.xml'
</Value>
				</Measurement>
			</Results>
			<Labels>
				<Label>lint_cmake</Label>
				<Label>linter</Label>
			</Labels>
		</Test>
		<Test Status="passed">
			<Name>pep257</Name>
			<Path>.</Path>
			<FullName>./pep257</FullName>
			<FullCommandLine>/usr/bin/python3.10 "-u" "/opt/ros/humble/share/ament_cmake_test/cmake/run_test.py" "/home/tej/Documents/CNH/DockerImages/glxgears/code/warehouse_autonomous_robo_picker/build/ropislam/test_results/ropislam/pep257.xunit.xml" "--package-name" "ropislam" "--output-file" "/home/tej/Documents/CNH/DockerImages/glxgears/code/warehouse_autonomous_robo_picker/build/ropislam/ament_pep257/pep257.txt" "--command" "/opt/ros/humble/bin/ament_pep257" "--xunit-file" "/home/tej/Documents/CNH/DockerImages/glxgears/code/warehouse_autonomous_robo_picker/build/ropislam/test_results/ropislam/pep257.xunit.xml"</FullCommandLine>
			<Results>
				<NamedMeasurement type="numeric/double" name="Execution Time">
					<Value>0.0995267</Value>
				</NamedMeasurement>
				<NamedMeasurement type="numeric/double" name="Processors">
					<Value>1</Value>
				</NamedMeasurement>
				<NamedMeasurement type="text/string" name="Completion Status">
					<Value>Completed</Value>
				</NamedMeasurement>
				<NamedMeasurement type="text/string" name="Command Line">
					<Value>/usr/bin/python3.10 "-u" "/opt/ros/humble/share/ament_cmake_test/cmake/run_test.py" "/home/tej/Documents/CNH/DockerImages/glxgears/code/warehouse_autonomous_robo_picker/build/ropislam/test_results/ropislam/pep257.xunit.xml" "--package-name" "ropislam" "--output-file" "/home/tej/Documents/CNH/DockerImages/glxgears/code/warehouse_autonomous_robo_picker/build/ropislam/ament_pep257/pep257.txt" "--command" "/opt/ros/humble/bin/ament_pep257" "--xunit-file" "/home/tej/Documents/CNH/DockerImages/glxgears/code/warehouse_autonomous_robo_picker/build/ropislam/test_results/ropislam/pep257.xunit.xml"</Value>
				</NamedMeasurement>
				<NamedMeasurement type="text/string" name="Environment">
					<Value>#CTEST_RESOURCE_GROUP_COUNT=</Value>
				</NamedMeasurement>
				<Measurement>
					<Value>-- run_test.py: invoking following command in '/home/tej/Documents/CNH/DockerImages/glxgears/code/warehouse_autonomous_robo_picker/src/ropislam':
 - /opt/ros/humble/bin/ament_pep257 --xunit-file /home/tej/Documents/CNH/DockerImages/glxgears/code/warehouse_autonomous_robo_picker/build/ropislam/test_results/ropislam/pep257.xunit.xml
checking ./launch/slam.launch.py
No problems found
-- run_test.py: return code 0
-- run_test.py: verify result file '/home/tej/Documents/CNH/DockerImages/glxgears/code/warehouse_autonomous_robo_picker/build/ropislam/test_results/ropislam/pep257.xunit.xml'
</Value>
				</Measurement>
			</Results>
			<Labels>
				<Label>linter</Label>
				<Label>pep257</Label>
			</Labels>
		</Test>
		<Test Status="passed">
			<Name>xmllint</Name>
			<Path>.</Path>
			<FullName>./xmllint</FullName>
			<FullCommandLine>/usr/bin/python3.10 "-u" "/opt/ros/humble/share/ament_cmake_test/cmake/run_test.py" "/home/tej/Documents/CNH/DockerImages/glxgears/code/warehouse_autonomous_robo_picker/build/ropislam/test_results/ropislam/xmllint.xunit.xml" "--package-name" "ropislam" "--output-file" "/home/tej/Documents/CNH/DockerImages/glxgears/code/warehouse_autonomous_robo_picker/build/ropislam/ament_xmllint/xmllint.txt" "--command" "/opt/ros/humble/bin/ament_xmllint" "--xunit-file" "/home/tej/Documents/CNH/DockerImages/glxgears/code/warehouse_autonomous_robo_picker/build/ropislam/test_results/ropislam/xmllint.xunit.xml"</FullCommandLine>
			<Results>
				<NamedMeasurement type="numeric/double" name="Execution Time">
					<Value>0.139562</Value>
				</NamedMeasurement>
				<NamedMeasurement type="numeric/double" name="Processors">
					<Value>1</Value>
				</NamedMeasurement>
				<NamedMeasurement type="text/string" name="Completion Status">
					<Value>Completed</Value>
				</NamedMeasurement>
				<NamedMeasurement type="text/string" name="Command Line">
					<Value>/usr/bin/python3.10 "-u" "/opt/ros/humble/share/ament_cmake_test/cmake/run_test.py" "/home/tej/Documents/CNH/DockerImages/glxgears/code/warehouse_autonomous_robo_picker/build/ropislam/test_results/ropislam/xmllint.xunit.xml" "--package-name" "ropislam" "--output-file" "/home/tej/Documents/CNH/DockerImages/glxgears/code/warehouse_autonomous_robo_picker/build/ropislam/ament_xmllint/xmllint.txt" "--command" "/opt/ros/humble/bin/ament_xmllint" "--xunit-file" "/home/tej/Documents/CNH/DockerImages/glxgears/code/warehouse_autonomous_robo_picker/build/ropislam/test_results/ropislam/xmllint.xunit.xml"</Value>
				</NamedMeasurement>
				<NamedMeasurement type="text/string" name="Environment">
					<Value>#CTEST_RESOURCE_GROUP_COUNT=</Value>
				</NamedMeasurement>
				<Measurement>
					<Value>-- run_test.py: invoking following command in '/home/tej/Documents/CNH/DockerImages/glxgears/code/warehouse_autonomous_robo_picker/src/ropislam':
 - /opt/ros/humble/bin/ament_xmllint --xunit-file /home/tej/Documents/CNH/DockerImages/glxgears/code/warehouse_autonomous_robo_picker/build/ropislam/test_results/ropislam/xmllint.xunit.xml
File 'package.xml' is valid

No problems found
-- run_test.py: return code 0
-- run_test.py: verify result file '/home/tej/Documents/CNH/DockerImages/glxgears/code/warehouse_autonomous_robo_picker/build/ropislam/test_results/ropislam/xmllint.xunit.xml'
</Value>
				</Measurement>
			</Results>
			<Labels>
				<Label>linter</Label>
				<Label>xmllint</Label>
			</Labels>
		</Test>
		<EndDateTime>Dec 20 00:19 EST</EndDateTime>
		<EndTestTime>1703049577</EndTestTime>
		<ElapsedMinutes>0</ElapsedMinutes>
	</Testing>
</Site>
