<?xml version="1.0" encoding="UTF-8"?>
<Site BuildName="(empty)"
	BuildStamp="20231220-0519-Experimental"
	Name="tejpc"
	Generator="ctest-3.22.1"
	CompilerName="/usr/bin/c++"
	CompilerVersion="11.4.0"
	OSName="Linux"
	Hostname="tejpc"
	OSRelease="6.4.3-060403-generic"
	OSVersion="#202307110536 SMP PREEMPT_DYNAMIC Tue Jul 11 05:43:58 UTC 2023"
	OSPlatform="x86_64"
	Is64Bits="1"
	VendorString="AuthenticAMD"
	VendorID="Advanced Micro Devices"
	FamilyID="25"
	ModelID="97"
	ProcessorCacheSize="1024"
	NumberOfLogicalCPU="32"
	NumberOfPhysicalCPU="16"
	TotalVirtualMemory="0"
	TotalPhysicalMemory="31256"
	LogicalProcessorsPerPhysical="2"
	ProcessorClockFrequency="4570.16"
	>
	<Testing>
		<StartDateTime>Dec 20 00:19 EST</StartDateTime>
		<StartTestTime>1703049577</StartTestTime>
		<TestList>
			<Test>./flake8</Test>
			<Test>./lint_cmake</Test>
			<Test>./pep257</Test>
			<Test>./xmllint</Test>
		</TestList>
		<Test Status="failed">
			<Name>flake8</Name>
			<Path>.</Path>
			<FullName>./flake8</FullName>
			<FullCommandLine>/usr/bin/python3.10 "-u" "/opt/ros/humble/share/ament_cmake_test/cmake/run_test.py" "/home/tej/Documents/CNH/DockerImages/glxgears/code/warehouse_autonomous_robo_picker/build/ropisim/test_results/ropisim/flake8.xunit.xml" "--package-name" "ropisim" "--output-file" "/home/tej/Documents/CNH/DockerImages/glxgears/code/warehouse_autonomous_robo_picker/build/ropisim/ament_flake8/flake8.txt" "--command" "/opt/ros/humble/bin/ament_flake8" "--xunit-file" "/home/tej/Documents/CNH/DockerImages/glxgears/code/warehouse_autonomous_robo_picker/build/ropisim/test_results/ropisim/flake8.xunit.xml"</FullCommandLine>
			<Results>
				<NamedMeasurement type="text/string" name="Exit Code">
					<Value>Failed</Value>
				</NamedMeasurement>
				<NamedMeasurement type="text/string" name="Exit Value">
					<Value>1</Value>
				</NamedMeasurement>
				<NamedMeasurement type="numeric/double" name="Execution Time">
					<Value>0.173214</Value>
				</NamedMeasurement>
				<NamedMeasurement type="numeric/double" name="Processors">
					<Value>1</Value>
				</NamedMeasurement>
				<NamedMeasurement type="text/string" name="Completion Status">
					<Value>Completed</Value>
				</NamedMeasurement>
				<NamedMeasurement type="text/string" name="Command Line">
					<Value>/usr/bin/python3.10 "-u" "/opt/ros/humble/share/ament_cmake_test/cmake/run_test.py" "/home/tej/Documents/CNH/DockerImages/glxgears/code/warehouse_autonomous_robo_picker/build/ropisim/test_results/ropisim/flake8.xunit.xml" "--package-name" "ropisim" "--output-file" "/home/tej/Documents/CNH/DockerImages/glxgears/code/warehouse_autonomous_robo_picker/build/ropisim/ament_flake8/flake8.txt" "--command" "/opt/ros/humble/bin/ament_flake8" "--xunit-file" "/home/tej/Documents/CNH/DockerImages/glxgears/code/warehouse_autonomous_robo_picker/build/ropisim/test_results/ropisim/flake8.xunit.xml"</Value>
				</NamedMeasurement>
				<NamedMeasurement type="text/string" name="Environment">
					<Value>#CTEST_RESOURCE_GROUP_COUNT=</Value>
				</NamedMeasurement>
				<Measurement>
					<Value>-- run_test.py: invoking following command in '/home/tej/Documents/CNH/DockerImages/glxgears/code/warehouse_autonomous_robo_picker/src/ropisim':
 - /opt/ros/humble/bin/ament_flake8 --xunit-file /home/tej/Documents/CNH/DockerImages/glxgears/code/warehouse_autonomous_robo_picker/build/ropisim/test_results/ropisim/flake8.xunit.xml
from launch.actions import IncludeLaunchDescription,ExecuteProcess,RegisterEventHandler
^
from launch.actions import IncludeLaunchDescription,ExecuteProcess,RegisterEventHandler
^
from launch.actions import IncludeLaunchDescription,ExecuteProcess,RegisterEventHandler
                                                   ^
from launch.actions import IncludeLaunchDescription,ExecuteProcess,RegisterEventHandler
                                                                  ^
def generate_launch_description():
^
    # Define launch file arguments
    ^
    
^
                                        description='Flag to enable joint_state_publisher_gui')
                                        ^
    arg_model = launch.actions.DeclareLaunchArgument(name='model', default_value=default_model_path,
                                                                                                   ^
                                        description='Absolute path to robot urdf file')
                                        ^
    arg_rvizconfig = launch.actions.DeclareLaunchArgument(name='rvizconfig', default_value=default_rviz_config_path,
                                                                                                   ^
                                            description='Absolute path to rviz config file')
                                            ^
    robot_state_publisher_node = launch_ros.actions.Node(
    ^
    
^
        # Joint State Broadcaster Node
        ^
        # Joint State Broadcaster Node
        ^
    # Joint Position Controller Node
    ^
    delay_robot_postion_controller_spawner_after_joint_state_broadcaster_spawner = RegisterEventHandler(
                                                                                                   ^
    spawn_entity = launch_ros.actions.Node(
    ^
        # '-x', '-5.204683', '-y', '-18.104129', '-z', '0.004496',
        ^
        '-x', '0', '-y', '0', '-z', '0',
        ^
        '-R', '0', '-P', '0', '-Y', '1.722056'],
        ^
        # '-x', '-5.204683', '-y', '-18.104129', '-z', '0.004496',
        ^
        '-x', '0.0', '-y', '3.0', '-z', '0',
        ^
        '-R', '0', '-P', '0', '-Y', '1.722056'],
        ^
    gazebo_exec =  launch.actions.ExecuteProcess(cmd=['gazebo', '--verbose', '-s', 'libgazebo_ros_init.so', '-s', 'libgazebo_ros_factory.so', world_path], output='screen')
                 ^
    gazebo_exec =  launch.actions.ExecuteProcess(cmd=['gazebo', '--verbose', '-s', 'libgazebo_ros_init.so', '-s', 'libgazebo_ros_factory.so', world_path], output='screen')
                                                                                                   ^
  
^
    #Make launch description
    ^
    #Make launch description
    ^
    #Add launch arguments
    ^
    #Add nodes
    ^
    return ld             ^
import os
^
from launch.substitutions import Command, LaunchConfiguration
^
from launch.substitutions import Command, LaunchConfiguration
^
    
^
    # Define launch file arguments
    ^
    
^
    
^
    navigation_launch = actions.IncludeLaunchDescription(
    ^
  
^
    #Make launch description
    ^
    #Make launch description
    ^
    #Add nodes
    ^
    #Add nodes
    ^
    return ld             ^
1     E116 unexpected indentation (comment)
9     E128 continuation line under-indented for visual indent
1     E222 multiple spaces after operator
2     E231 missing whitespace after ','
5     E265 block comment should start with '# '
1     E302 expected 2 blank lines, found 0
10    E303 too many blank lines (2)
4     E501 line too long (100 &gt; 99 characters)
5     F401 'launch.actions.IncludeLaunchDescription' imported but unused
2     W292 no newline at end of file
7     W293 blank line contains whitespace

./launch/display_gazebo.launch.py:7:1: F401 'launch.actions.IncludeLaunchDescription' imported but unused

./launch/display_gazebo.launch.py:7:1: F401 'launch.actions.ExecuteProcess' imported but unused

./launch/display_gazebo.launch.py:7:52: E231 missing whitespace after ','

./launch/display_gazebo.launch.py:7:67: E231 missing whitespace after ','

./launch/display_gazebo.launch.py:9:1: E302 expected 2 blank lines, found 0

./launch/display_gazebo.launch.py:20:5: E303 too many blank lines (2)

./launch/display_gazebo.launch.py:22:1: W293 blank line contains whitespace

./launch/display_gazebo.launch.py:24:41: E128 continuation line under-indented for visual indent

./launch/display_gazebo.launch.py:25:100: E501 line too long (100 &gt; 99 characters)

./launch/display_gazebo.launch.py:26:41: E128 continuation line under-indented for visual indent

./launch/display_gazebo.launch.py:27:100: E501 line too long (116 &gt; 99 characters)

./launch/display_gazebo.launch.py:28:45: E128 continuation line under-indented for visual indent

./launch/display_gazebo.launch.py:31:5: E303 too many blank lines (2)

./launch/display_gazebo.launch.py:48:1: W293 blank line contains whitespace

./launch/display_gazebo.launch.py:58:9: E303 too many blank lines (2)

./launch/display_gazebo.launch.py:58:9: E116 unexpected indentation (comment)

./launch/display_gazebo.launch.py:68:5: E303 too many blank lines (4)

./launch/display_gazebo.launch.py:76:100: E501 line too long (104 &gt; 99 characters)

./launch/display_gazebo.launch.py:84:5: E303 too many blank lines (2)

./launch/display_gazebo.launch.py:88:9: E128 continuation line under-indented for visual indent

./launch/display_gazebo.launch.py:89:9: E128 continuation line under-indented for visual indent

./launch/display_gazebo.launch.py:90:9: E128 continuation line under-indented for visual indent

./launch/display_gazebo.launch.py:98:9: E128 continuation line under-indented for visual indent

./launch/display_gazebo.launch.py:99:9: E128 continuation line under-indented for visual indent

./launch/display_gazebo.launch.py:100:9: E128 continuation line under-indented for visual indent

./launch/display_gazebo.launch.py:104:18: E222 multiple spaces after operator

./launch/display_gazebo.launch.py:104:100: E501 line too long (171 &gt; 99 characters)

./launch/display_gazebo.launch.py:108:1: W293 blank line contains whitespace

./launch/display_gazebo.launch.py:110:5: E303 too many blank lines (5)

./launch/display_gazebo.launch.py:110:5: E265 block comment should start with '# '

./launch/display_gazebo.launch.py:113:5: E265 block comment should start with '# '

./launch/display_gazebo.launch.py:119:5: E265 block comment should start with '# '

./launch/display_gazebo.launch.py:129:14: W292 no newline at end of file

./launch/gazebo_nav.launch.py:1:1: F401 'os' imported but unused

./launch/gazebo_nav.launch.py:4:1: F401 'launch.substitutions.Command' imported but unused

./launch/gazebo_nav.launch.py:4:1: F401 'launch.substitutions.LaunchConfiguration' imported but unused

./launch/gazebo_nav.launch.py:14:1: W293 blank line contains whitespace

./launch/gazebo_nav.launch.py:17:5: E303 too many blank lines (3)

./launch/gazebo_nav.launch.py:36:1: W293 blank line contains whitespace

./launch/gazebo_nav.launch.py:42:1: W293 blank line contains whitespace

./launch/gazebo_nav.launch.py:44:5: E303 too many blank lines (2)

./launch/gazebo_nav.launch.py:66:1: W293 blank line contains whitespace

./launch/gazebo_nav.launch.py:68:5: E303 too many blank lines (2)

./launch/gazebo_nav.launch.py:68:5: E265 block comment should start with '# '

./launch/gazebo_nav.launch.py:72:5: E303 too many blank lines (2)

./launch/gazebo_nav.launch.py:72:5: E265 block comment should start with '# '

./launch/gazebo_nav.launch.py:79:14: W292 no newline at end of file


2 files checked
47 errors

'E'-type errors: 33
'F'-type errors: 5
'W'-type errors: 9

Checked files:

* ./launch/display_gazebo.launch.py
* ./launch/gazebo_nav.launch.py
-- run_test.py: return code 1
-- run_test.py: verify result file '/home/tej/Documents/CNH/DockerImages/glxgears/code/warehouse_autonomous_robo_picker/build/ropisim/test_results/ropisim/flake8.xunit.xml'
</Value>
				</Measurement>
			</Results>
			<Labels>
				<Label>flake8</Label>
				<Label>linter</Label>
			</Labels>
		</Test>
		<Test Status="passed">
			<Name>lint_cmake</Name>
			<Path>.</Path>
			<FullName>./lint_cmake</FullName>
			<FullCommandLine>/usr/bin/python3.10 "-u" "/opt/ros/humble/share/ament_cmake_test/cmake/run_test.py" "/home/tej/Documents/CNH/DockerImages/glxgears/code/warehouse_autonomous_robo_picker/build/ropisim/test_results/ropisim/lint_cmake.xunit.xml" "--package-name" "ropisim" "--output-file" "/home/tej/Documents/CNH/DockerImages/glxgears/code/warehouse_autonomous_robo_picker/build/ropisim/ament_lint_cmake/lint_cmake.txt" "--command" "/opt/ros/humble/bin/ament_lint_cmake" "--xunit-file" "/home/tej/Documents/CNH/DockerImages/glxgears/code/warehouse_autonomous_robo_picker/build/ropisim/test_results/ropisim/lint_cmake.xunit.xml"</FullCommandLine>
			<Results>
				<NamedMeasurement type="numeric/double" name="Execution Time">
					<Value>0.0705095</Value>
				</NamedMeasurement>
				<NamedMeasurement type="numeric/double" name="Processors">
					<Value>1</Value>
				</NamedMeasurement>
				<NamedMeasurement type="text/string" name="Completion Status">
					<Value>Completed</Value>
				</NamedMeasurement>
				<NamedMeasurement type="text/string" name="Command Line">
					<Value>/usr/bin/python3.10 "-u" "/opt/ros/humble/share/ament_cmake_test/cmake/run_test.py" "/home/tej/Documents/CNH/DockerImages/glxgears/code/warehouse_autonomous_robo_picker/build/ropisim/test_results/ropisim/lint_cmake.xunit.xml" "--package-name" "ropisim" "--output-file" "/home/tej/Documents/CNH/DockerImages/glxgears/code/warehouse_autonomous_robo_picker/build/ropisim/ament_lint_cmake/lint_cmake.txt" "--command" "/opt/ros/humble/bin/ament_lint_cmake" "--xunit-file" "/home/tej/Documents/CNH/DockerImages/glxgears/code/warehouse_autonomous_robo_picker/build/ropisim/test_results/ropisim/lint_cmake.xunit.xml"</Value>
				</NamedMeasurement>
				<NamedMeasurement type="text/string" name="Environment">
					<Value>#CTEST_RESOURCE_GROUP_COUNT=</Value>
				</NamedMeasurement>
				<Measurement>
					<Value>-- run_test.py: invoking following command in '/home/tej/Documents/CNH/DockerImages/glxgears/code/warehouse_autonomous_robo_picker/src/ropisim':
 - /opt/ros/humble/bin/ament_lint_cmake --xunit-file /home/tej/Documents/CNH/DockerImages/glxgears/code/warehouse_autonomous_robo_picker/build/ropisim/test_results/ropisim/lint_cmake.xunit.xml

No problems found
-- run_test.py: return code 0
-- run_test.py: verify result file '/home/tej/Documents/CNH/DockerImages/glxgears/code/warehouse_autonomous_robo_picker/build/ropisim/test_results/ropisim/lint_cmake.xunit.xml'
</Value>
				</Measurement>
			</Results>
			<Labels>
				<Label>lint_cmake</Label>
				<Label>linter</Label>
			</Labels>
		</Test>
		<Test Status="passed">
			<Name>pep257</Name>
			<Path>.</Path>
			<FullName>./pep257</FullName>
			<FullCommandLine>/usr/bin/python3.10 "-u" "/opt/ros/humble/share/ament_cmake_test/cmake/run_test.py" "/home/tej/Documents/CNH/DockerImages/glxgears/code/warehouse_autonomous_robo_picker/build/ropisim/test_results/ropisim/pep257.xunit.xml" "--package-name" "ropisim" "--output-file" "/home/tej/Documents/CNH/DockerImages/glxgears/code/warehouse_autonomous_robo_picker/build/ropisim/ament_pep257/pep257.txt" "--command" "/opt/ros/humble/bin/ament_pep257" "--xunit-file" "/home/tej/Documents/CNH/DockerImages/glxgears/code/warehouse_autonomous_robo_picker/build/ropisim/test_results/ropisim/pep257.xunit.xml"</FullCommandLine>
			<Results>
				<NamedMeasurement type="numeric/double" name="Execution Time">
					<Value>0.105951</Value>
				</NamedMeasurement>
				<NamedMeasurement type="numeric/double" name="Processors">
					<Value>1</Value>
				</NamedMeasurement>
				<NamedMeasurement type="text/string" name="Completion Status">
					<Value>Completed</Value>
				</NamedMeasurement>
				<NamedMeasurement type="text/string" name="Command Line">
					<Value>/usr/bin/python3.10 "-u" "/opt/ros/humble/share/ament_cmake_test/cmake/run_test.py" "/home/tej/Documents/CNH/DockerImages/glxgears/code/warehouse_autonomous_robo_picker/build/ropisim/test_results/ropisim/pep257.xunit.xml" "--package-name" "ropisim" "--output-file" "/home/tej/Documents/CNH/DockerImages/glxgears/code/warehouse_autonomous_robo_picker/build/ropisim/ament_pep257/pep257.txt" "--command" "/opt/ros/humble/bin/ament_pep257" "--xunit-file" "/home/tej/Documents/CNH/DockerImages/glxgears/code/warehouse_autonomous_robo_picker/build/ropisim/test_results/ropisim/pep257.xunit.xml"</Value>
				</NamedMeasurement>
				<NamedMeasurement type="text/string" name="Environment">
					<Value>#CTEST_RESOURCE_GROUP_COUNT=</Value>
				</NamedMeasurement>
				<Measurement>
					<Value>-- run_test.py: invoking following command in '/home/tej/Documents/CNH/DockerImages/glxgears/code/warehouse_autonomous_robo_picker/src/ropisim':
 - /opt/ros/humble/bin/ament_pep257 --xunit-file /home/tej/Documents/CNH/DockerImages/glxgears/code/warehouse_autonomous_robo_picker/build/ropisim/test_results/ropisim/pep257.xunit.xml
checking ./launch/display_gazebo.launch.py
checking ./launch/gazebo_nav.launch.py
No problems found
-- run_test.py: return code 0
-- run_test.py: verify result file '/home/tej/Documents/CNH/DockerImages/glxgears/code/warehouse_autonomous_robo_picker/build/ropisim/test_results/ropisim/pep257.xunit.xml'
</Value>
				</Measurement>
			</Results>
			<Labels>
				<Label>linter</Label>
				<Label>pep257</Label>
			</Labels>
		</Test>
		<Test Status="passed">
			<Name>xmllint</Name>
			<Path>.</Path>
			<FullName>./xmllint</FullName>
			<FullCommandLine>/usr/bin/python3.10 "-u" "/opt/ros/humble/share/ament_cmake_test/cmake/run_test.py" "/home/tej/Documents/CNH/DockerImages/glxgears/code/warehouse_autonomous_robo_picker/build/ropisim/test_results/ropisim/xmllint.xunit.xml" "--package-name" "ropisim" "--output-file" "/home/tej/Documents/CNH/DockerImages/glxgears/code/warehouse_autonomous_robo_picker/build/ropisim/ament_xmllint/xmllint.txt" "--command" "/opt/ros/humble/bin/ament_xmllint" "--xunit-file" "/home/tej/Documents/CNH/DockerImages/glxgears/code/warehouse_autonomous_robo_picker/build/ropisim/test_results/ropisim/xmllint.xunit.xml"</FullCommandLine>
			<Results>
				<NamedMeasurement type="numeric/double" name="Execution Time">
					<Value>0.144926</Value>
				</NamedMeasurement>
				<NamedMeasurement type="numeric/double" name="Processors">
					<Value>1</Value>
				</NamedMeasurement>
				<NamedMeasurement type="text/string" name="Completion Status">
					<Value>Completed</Value>
				</NamedMeasurement>
				<NamedMeasurement type="text/string" name="Command Line">
					<Value>/usr/bin/python3.10 "-u" "/opt/ros/humble/share/ament_cmake_test/cmake/run_test.py" "/home/tej/Documents/CNH/DockerImages/glxgears/code/warehouse_autonomous_robo_picker/build/ropisim/test_results/ropisim/xmllint.xunit.xml" "--package-name" "ropisim" "--output-file" "/home/tej/Documents/CNH/DockerImages/glxgears/code/warehouse_autonomous_robo_picker/build/ropisim/ament_xmllint/xmllint.txt" "--command" "/opt/ros/humble/bin/ament_xmllint" "--xunit-file" "/home/tej/Documents/CNH/DockerImages/glxgears/code/warehouse_autonomous_robo_picker/build/ropisim/test_results/ropisim/xmllint.xunit.xml"</Value>
				</NamedMeasurement>
				<NamedMeasurement type="text/string" name="Environment">
					<Value>#CTEST_RESOURCE_GROUP_COUNT=</Value>
				</NamedMeasurement>
				<Measurement>
					<Value>-- run_test.py: invoking following command in '/home/tej/Documents/CNH/DockerImages/glxgears/code/warehouse_autonomous_robo_picker/src/ropisim':
 - /opt/ros/humble/bin/ament_xmllint --xunit-file /home/tej/Documents/CNH/DockerImages/glxgears/code/warehouse_autonomous_robo_picker/build/ropisim/test_results/ropisim/xmllint.xunit.xml
File 'package.xml' is valid

No problems found
-- run_test.py: return code 0
-- run_test.py: verify result file '/home/tej/Documents/CNH/DockerImages/glxgears/code/warehouse_autonomous_robo_picker/build/ropisim/test_results/ropisim/xmllint.xunit.xml'
</Value>
				</Measurement>
			</Results>
			<Labels>
				<Label>linter</Label>
				<Label>xmllint</Label>
			</Labels>
		</Test>
		<EndDateTime>Dec 20 00:19 EST</EndDateTime>
		<EndTestTime>1703049577</EndTestTime>
		<ElapsedMinutes>0</ElapsedMinutes>
	</Testing>
</Site>
