Start testing: Dec 20 00:19 EST
----------------------------------------------------------
1/3 Testing: copyright
1/3 Test: copyright
Command: "/usr/bin/python3.10" "-u" "/opt/ros/humble/share/ament_cmake_test/cmake/run_test.py" "/home/tej/Documents/CNH/DockerImages/glxgears/code/warehouse_autonomous_robo_picker/build/ros2_aruco_interfaces/test_results/ros2_aruco_interfaces/copyright.xunit.xml" "--package-name" "ros2_aruco_interfaces" "--output-file" "/home/tej/Documents/CNH/DockerImages/glxgears/code/warehouse_autonomous_robo_picker/build/ros2_aruco_interfaces/ament_copyright/copyright.txt" "--command" "/opt/ros/humble/bin/ament_copyright" "--xunit-file" "/home/tej/Documents/CNH/DockerImages/glxgears/code/warehouse_autonomous_robo_picker/build/ros2_aruco_interfaces/test_results/ros2_aruco_interfaces/copyright.xunit.xml"
Directory: /home/tej/Documents/CNH/DockerImages/glxgears/code/warehouse_autonomous_robo_picker/src/ros2_aruco_interfaces
"copyright" start time: Dec 20 00:19 EST
Output:
----------------------------------------------------------
-- run_test.py: invoking following command in '/home/tej/Documents/CNH/DockerImages/glxgears/code/warehouse_autonomous_robo_picker/src/ros2_aruco_interfaces':
 - /opt/ros/humble/bin/ament_copyright --xunit-file /home/tej/Documents/CNH/DockerImages/glxgears/code/warehouse_autonomous_robo_picker/build/ros2_aruco_interfaces/test_results/ros2_aruco_interfaces/copyright.xunit.xml
No repository roots and files found
No problems found, checked 0 files
-- run_test.py: return code 0
-- run_test.py: verify result file '/home/tej/Documents/CNH/DockerImages/glxgears/code/warehouse_autonomous_robo_picker/build/ros2_aruco_interfaces/test_results/ros2_aruco_interfaces/copyright.xunit.xml'
<end of output>
Test time =   0.08 sec
----------------------------------------------------------
Test Passed.
"copyright" end time: Dec 20 00:19 EST
"copyright" time elapsed: 00:00:00
----------------------------------------------------------

2/3 Testing: lint_cmake
2/3 Test: lint_cmake
Command: "/usr/bin/python3.10" "-u" "/opt/ros/humble/share/ament_cmake_test/cmake/run_test.py" "/home/tej/Documents/CNH/DockerImages/glxgears/code/warehouse_autonomous_robo_picker/build/ros2_aruco_interfaces/test_results/ros2_aruco_interfaces/lint_cmake.xunit.xml" "--package-name" "ros2_aruco_interfaces" "--output-file" "/home/tej/Documents/CNH/DockerImages/glxgears/code/warehouse_autonomous_robo_picker/build/ros2_aruco_interfaces/ament_lint_cmake/lint_cmake.txt" "--command" "/opt/ros/humble/bin/ament_lint_cmake" "--xunit-file" "/home/tej/Documents/CNH/DockerImages/glxgears/code/warehouse_autonomous_robo_picker/build/ros2_aruco_interfaces/test_results/ros2_aruco_interfaces/lint_cmake.xunit.xml"
Directory: /home/tej/Documents/CNH/DockerImages/glxgears/code/warehouse_autonomous_robo_picker/src/ros2_aruco_interfaces
"lint_cmake" start time: Dec 20 00:19 EST
Output:
----------------------------------------------------------
-- run_test.py: invoking following command in '/home/tej/Documents/CNH/DockerImages/glxgears/code/warehouse_autonomous_robo_picker/src/ros2_aruco_interfaces':
 - /opt/ros/humble/bin/ament_lint_cmake --xunit-file /home/tej/Documents/CNH/DockerImages/glxgears/code/warehouse_autonomous_robo_picker/build/ros2_aruco_interfaces/test_results/ros2_aruco_interfaces/lint_cmake.xunit.xml
CMakeLists.txt:28: Mismatching spaces inside () after command [whitespace/mismatch]
CMakeLists.txt:32: Weird indentation; use 2 spaces [whitespace/indent]


2 errors
-- run_test.py: return code 1
-- run_test.py: verify result file '/home/tej/Documents/CNH/DockerImages/glxgears/code/warehouse_autonomous_robo_picker/build/ros2_aruco_interfaces/test_results/ros2_aruco_interfaces/lint_cmake.xunit.xml'
<end of output>
Test time =   0.07 sec
----------------------------------------------------------
Test Failed.
"lint_cmake" end time: Dec 20 00:19 EST
"lint_cmake" time elapsed: 00:00:00
----------------------------------------------------------

3/3 Testing: xmllint
3/3 Test: xmllint
Command: "/usr/bin/python3.10" "-u" "/opt/ros/humble/share/ament_cmake_test/cmake/run_test.py" "/home/tej/Documents/CNH/DockerImages/glxgears/code/warehouse_autonomous_robo_picker/build/ros2_aruco_interfaces/test_results/ros2_aruco_interfaces/xmllint.xunit.xml" "--package-name" "ros2_aruco_interfaces" "--output-file" "/home/tej/Documents/CNH/DockerImages/glxgears/code/warehouse_autonomous_robo_picker/build/ros2_aruco_interfaces/ament_xmllint/xmllint.txt" "--command" "/opt/ros/humble/bin/ament_xmllint" "--xunit-file" "/home/tej/Documents/CNH/DockerImages/glxgears/code/warehouse_autonomous_robo_picker/build/ros2_aruco_interfaces/test_results/ros2_aruco_interfaces/xmllint.xunit.xml"
Directory: /home/tej/Documents/CNH/DockerImages/glxgears/code/warehouse_autonomous_robo_picker/src/ros2_aruco_interfaces
"xmllint" start time: Dec 20 00:19 EST
Output:
----------------------------------------------------------
-- run_test.py: invoking following command in '/home/tej/Documents/CNH/DockerImages/glxgears/code/warehouse_autonomous_robo_picker/src/ros2_aruco_interfaces':
 - /opt/ros/humble/bin/ament_xmllint --xunit-file /home/tej/Documents/CNH/DockerImages/glxgears/code/warehouse_autonomous_robo_picker/build/ros2_aruco_interfaces/test_results/ros2_aruco_interfaces/xmllint.xunit.xml
File 'package.xml' is valid

No problems found
-- run_test.py: return code 0
-- run_test.py: verify result file '/home/tej/Documents/CNH/DockerImages/glxgears/code/warehouse_autonomous_robo_picker/build/ros2_aruco_interfaces/test_results/ros2_aruco_interfaces/xmllint.xunit.xml'
<end of output>
Test time =   0.15 sec
----------------------------------------------------------
Test Passed.
"xmllint" end time: Dec 20 00:19 EST
"xmllint" time elapsed: 00:00:00
----------------------------------------------------------

End testing: Dec 20 00:19 EST

copyright =   0.08 sec*proc

lint_cmake =   0.07 sec*proc

linter =   0.30 sec*proc

xmllint =   0.15 sec*proc

