Start testing: Dec 20 00:19 EST
----------------------------------------------------------
1/4 Testing: flake8
1/4 Test: flake8
Command: "/usr/bin/python3.10" "-u" "/opt/ros/humble/share/ament_cmake_test/cmake/run_test.py" "/home/tej/Documents/CNH/DockerImages/glxgears/code/warehouse_autonomous_robo_picker/build/ropinav/test_results/ropinav/flake8.xunit.xml" "--package-name" "ropinav" "--output-file" "/home/tej/Documents/CNH/DockerImages/glxgears/code/warehouse_autonomous_robo_picker/build/ropinav/ament_flake8/flake8.txt" "--command" "/opt/ros/humble/bin/ament_flake8" "--xunit-file" "/home/tej/Documents/CNH/DockerImages/glxgears/code/warehouse_autonomous_robo_picker/build/ropinav/test_results/ropinav/flake8.xunit.xml"
Directory: /home/tej/Documents/CNH/DockerImages/glxgears/code/warehouse_autonomous_robo_picker/src/ropinav
"flake8" start time: Dec 20 00:19 EST
Output:
----------------------------------------------------------
-- run_test.py: invoking following command in '/home/tej/Documents/CNH/DockerImages/glxgears/code/warehouse_autonomous_robo_picker/src/ropinav':
 - /opt/ros/humble/bin/ament_flake8 --xunit-file /home/tej/Documents/CNH/DockerImages/glxgears/code/warehouse_autonomous_robo_picker/build/ropinav/test_results/ropinav/flake8.xunit.xml
                    #    'recoveries_server',
                    ^
                        'behavior_server',
                        ^
1     E127 continuation line over-indented for visual indent
1     E128 continuation line under-indented for visual indent

./launch/navigation_launch.py:37:21: E128 continuation line under-indented for visual indent

./launch/navigation_launch.py:38:25: E127 continuation line over-indented for visual indent


1 files checked
2 errors

'E'-type errors: 2

Checked files:

* ./launch/navigation_launch.py
-- run_test.py: return code 1
-- run_test.py: verify result file '/home/tej/Documents/CNH/DockerImages/glxgears/code/warehouse_autonomous_robo_picker/build/ropinav/test_results/ropinav/flake8.xunit.xml'
<end of output>
Test time =   0.15 sec
----------------------------------------------------------
Test Failed.
"flake8" end time: Dec 20 00:19 EST
"flake8" time elapsed: 00:00:00
----------------------------------------------------------

2/4 Testing: lint_cmake
2/4 Test: lint_cmake
Command: "/usr/bin/python3.10" "-u" "/opt/ros/humble/share/ament_cmake_test/cmake/run_test.py" "/home/tej/Documents/CNH/DockerImages/glxgears/code/warehouse_autonomous_robo_picker/build/ropinav/test_results/ropinav/lint_cmake.xunit.xml" "--package-name" "ropinav" "--output-file" "/home/tej/Documents/CNH/DockerImages/glxgears/code/warehouse_autonomous_robo_picker/build/ropinav/ament_lint_cmake/lint_cmake.txt" "--command" "/opt/ros/humble/bin/ament_lint_cmake" "--xunit-file" "/home/tej/Documents/CNH/DockerImages/glxgears/code/warehouse_autonomous_robo_picker/build/ropinav/test_results/ropinav/lint_cmake.xunit.xml"
Directory: /home/tej/Documents/CNH/DockerImages/glxgears/code/warehouse_autonomous_robo_picker/src/ropinav
"lint_cmake" start time: Dec 20 00:19 EST
Output:
----------------------------------------------------------
-- run_test.py: invoking following command in '/home/tej/Documents/CNH/DockerImages/glxgears/code/warehouse_autonomous_robo_picker/src/ropinav':
 - /opt/ros/humble/bin/ament_lint_cmake --xunit-file /home/tej/Documents/CNH/DockerImages/glxgears/code/warehouse_autonomous_robo_picker/build/ropinav/test_results/ropinav/lint_cmake.xunit.xml

No problems found
-- run_test.py: return code 0
-- run_test.py: verify result file '/home/tej/Documents/CNH/DockerImages/glxgears/code/warehouse_autonomous_robo_picker/build/ropinav/test_results/ropinav/lint_cmake.xunit.xml'
<end of output>
Test time =   0.07 sec
----------------------------------------------------------
Test Passed.
"lint_cmake" end time: Dec 20 00:19 EST
"lint_cmake" time elapsed: 00:00:00
----------------------------------------------------------

3/4 Testing: pep257
3/4 Test: pep257
Command: "/usr/bin/python3.10" "-u" "/opt/ros/humble/share/ament_cmake_test/cmake/run_test.py" "/home/tej/Documents/CNH/DockerImages/glxgears/code/warehouse_autonomous_robo_picker/build/ropinav/test_results/ropinav/pep257.xunit.xml" "--package-name" "ropinav" "--output-file" "/home/tej/Documents/CNH/DockerImages/glxgears/code/warehouse_autonomous_robo_picker/build/ropinav/ament_pep257/pep257.txt" "--command" "/opt/ros/humble/bin/ament_pep257" "--xunit-file" "/home/tej/Documents/CNH/DockerImages/glxgears/code/warehouse_autonomous_robo_picker/build/ropinav/test_results/ropinav/pep257.xunit.xml"
Directory: /home/tej/Documents/CNH/DockerImages/glxgears/code/warehouse_autonomous_robo_picker/src/ropinav
"pep257" start time: Dec 20 00:19 EST
Output:
----------------------------------------------------------
-- run_test.py: invoking following command in '/home/tej/Documents/CNH/DockerImages/glxgears/code/warehouse_autonomous_robo_picker/src/ropinav':
 - /opt/ros/humble/bin/ament_pep257 --xunit-file /home/tej/Documents/CNH/DockerImages/glxgears/code/warehouse_autonomous_robo_picker/build/ropinav/test_results/ropinav/pep257.xunit.xml
checking ./launch/navigation_launch.py
No problems found
-- run_test.py: return code 0
-- run_test.py: verify result file '/home/tej/Documents/CNH/DockerImages/glxgears/code/warehouse_autonomous_robo_picker/build/ropinav/test_results/ropinav/pep257.xunit.xml'
<end of output>
Test time =   0.10 sec
----------------------------------------------------------
Test Passed.
"pep257" end time: Dec 20 00:19 EST
"pep257" time elapsed: 00:00:00
----------------------------------------------------------

4/4 Testing: xmllint
4/4 Test: xmllint
Command: "/usr/bin/python3.10" "-u" "/opt/ros/humble/share/ament_cmake_test/cmake/run_test.py" "/home/tej/Documents/CNH/DockerImages/glxgears/code/warehouse_autonomous_robo_picker/build/ropinav/test_results/ropinav/xmllint.xunit.xml" "--package-name" "ropinav" "--output-file" "/home/tej/Documents/CNH/DockerImages/glxgears/code/warehouse_autonomous_robo_picker/build/ropinav/ament_xmllint/xmllint.txt" "--command" "/opt/ros/humble/bin/ament_xmllint" "--xunit-file" "/home/tej/Documents/CNH/DockerImages/glxgears/code/warehouse_autonomous_robo_picker/build/ropinav/test_results/ropinav/xmllint.xunit.xml"
Directory: /home/tej/Documents/CNH/DockerImages/glxgears/code/warehouse_autonomous_robo_picker/src/ropinav
"xmllint" start time: Dec 20 00:19 EST
Output:
----------------------------------------------------------
-- run_test.py: invoking following command in '/home/tej/Documents/CNH/DockerImages/glxgears/code/warehouse_autonomous_robo_picker/src/ropinav':
 - /opt/ros/humble/bin/ament_xmllint --xunit-file /home/tej/Documents/CNH/DockerImages/glxgears/code/warehouse_autonomous_robo_picker/build/ropinav/test_results/ropinav/xmllint.xunit.xml
File 'package.xml' is valid

No problems found
-- run_test.py: return code 0
-- run_test.py: verify result file '/home/tej/Documents/CNH/DockerImages/glxgears/code/warehouse_autonomous_robo_picker/build/ropinav/test_results/ropinav/xmllint.xunit.xml'
<end of output>
Test time =   0.23 sec
----------------------------------------------------------
Test Passed.
"xmllint" end time: Dec 20 00:19 EST
"xmllint" time elapsed: 00:00:00
----------------------------------------------------------

End testing: Dec 20 00:19 EST

flake8 =   0.15 sec*proc

lint_cmake =   0.07 sec*proc

linter =   0.54 sec*proc

pep257 =   0.10 sec*proc

xmllint =   0.23 sec*proc

