Start testing: Dec 20 00:19 EST
----------------------------------------------------------
1/4 Testing: flake8
1/4 Test: flake8
Command: "/usr/bin/python3.10" "-u" "/opt/ros/humble/share/ament_cmake_test/cmake/run_test.py" "/home/tej/Documents/CNH/DockerImages/glxgears/code/warehouse_autonomous_robo_picker/build/ropislam/test_results/ropislam/flake8.xunit.xml" "--package-name" "ropislam" "--output-file" "/home/tej/Documents/CNH/DockerImages/glxgears/code/warehouse_autonomous_robo_picker/build/ropislam/ament_flake8/flake8.txt" "--command" "/opt/ros/humble/bin/ament_flake8" "--xunit-file" "/home/tej/Documents/CNH/DockerImages/glxgears/code/warehouse_autonomous_robo_picker/build/ropislam/test_results/ropislam/flake8.xunit.xml"
Directory: /home/tej/Documents/CNH/DockerImages/glxgears/code/warehouse_autonomous_robo_picker/src/ropislam
"flake8" start time: Dec 20 00:19 EST
Output:
----------------------------------------------------------
-- run_test.py: invoking following command in '/home/tej/Documents/CNH/DockerImages/glxgears/code/warehouse_autonomous_robo_picker/src/ropislam':
 - /opt/ros/humble/bin/ament_flake8 --xunit-file /home/tej/Documents/CNH/DockerImages/glxgears/code/warehouse_autonomous_robo_picker/build/ropislam/test_results/ropislam/flake8.xunit.xml
from launch import launch_description_sources
^
from launch import actions
^
from launch_ros.actions import Node
^
    
^
    # Define launch file arguments
    ^
   
^
    # slam_toolbox_dir = get_package_share_directory('slam_toolbox')
    ^
    ld.add_action(arg_sim)
    ^
    return ld             ^
3     E303 too many blank lines (2)
3     F401 'launch.launch_description_sources' imported but unused
1     W292 no newline at end of file
2     W293 blank line contains whitespace

./launch/slam.launch.py:4:1: F401 'launch.launch_description_sources' imported but unused

./launch/slam.launch.py:5:1: F401 'launch.actions' imported but unused

./launch/slam.launch.py:7:1: F401 'launch_ros.actions.Node' imported but unused

./launch/slam.launch.py:16:1: W293 blank line contains whitespace

./launch/slam.launch.py:17:5: E303 too many blank lines (2)

./launch/slam.launch.py:29:1: W293 blank line contains whitespace

./launch/slam.launch.py:31:5: E303 too many blank lines (2)

./launch/slam.launch.py:48:5: E303 too many blank lines (2)

./launch/slam.launch.py:51:14: W292 no newline at end of file


1 files checked
9 errors

'E'-type errors: 3
'F'-type errors: 3
'W'-type errors: 3

Checked files:

* ./launch/slam.launch.py
-- run_test.py: return code 1
-- run_test.py: verify result file '/home/tej/Documents/CNH/DockerImages/glxgears/code/warehouse_autonomous_robo_picker/build/ropislam/test_results/ropislam/flake8.xunit.xml'
<end of output>
Test time =   0.14 sec
----------------------------------------------------------
Test Failed.
"flake8" end time: Dec 20 00:19 EST
"flake8" time elapsed: 00:00:00
----------------------------------------------------------

2/4 Testing: lint_cmake
2/4 Test: lint_cmake
Command: "/usr/bin/python3.10" "-u" "/opt/ros/humble/share/ament_cmake_test/cmake/run_test.py" "/home/tej/Documents/CNH/DockerImages/glxgears/code/warehouse_autonomous_robo_picker/build/ropislam/test_results/ropislam/lint_cmake.xunit.xml" "--package-name" "ropislam" "--output-file" "/home/tej/Documents/CNH/DockerImages/glxgears/code/warehouse_autonomous_robo_picker/build/ropislam/ament_lint_cmake/lint_cmake.txt" "--command" "/opt/ros/humble/bin/ament_lint_cmake" "--xunit-file" "/home/tej/Documents/CNH/DockerImages/glxgears/code/warehouse_autonomous_robo_picker/build/ropislam/test_results/ropislam/lint_cmake.xunit.xml"
Directory: /home/tej/Documents/CNH/DockerImages/glxgears/code/warehouse_autonomous_robo_picker/src/ropislam
"lint_cmake" start time: Dec 20 00:19 EST
Output:
----------------------------------------------------------
-- run_test.py: invoking following command in '/home/tej/Documents/CNH/DockerImages/glxgears/code/warehouse_autonomous_robo_picker/src/ropislam':
 - /opt/ros/humble/bin/ament_lint_cmake --xunit-file /home/tej/Documents/CNH/DockerImages/glxgears/code/warehouse_autonomous_robo_picker/build/ropislam/test_results/ropislam/lint_cmake.xunit.xml

No problems found
-- run_test.py: return code 0
-- run_test.py: verify result file '/home/tej/Documents/CNH/DockerImages/glxgears/code/warehouse_autonomous_robo_picker/build/ropislam/test_results/ropislam/lint_cmake.xunit.xml'
<end of output>
Test time =   0.07 sec
----------------------------------------------------------
Test Passed.
"lint_cmake" end time: Dec 20 00:19 EST
"lint_cmake" time elapsed: 00:00:00
----------------------------------------------------------

3/4 Testing: pep257
3/4 Test: pep257
Command: "/usr/bin/python3.10" "-u" "/opt/ros/humble/share/ament_cmake_test/cmake/run_test.py" "/home/tej/Documents/CNH/DockerImages/glxgears/code/warehouse_autonomous_robo_picker/build/ropislam/test_results/ropislam/pep257.xunit.xml" "--package-name" "ropislam" "--output-file" "/home/tej/Documents/CNH/DockerImages/glxgears/code/warehouse_autonomous_robo_picker/build/ropislam/ament_pep257/pep257.txt" "--command" "/opt/ros/humble/bin/ament_pep257" "--xunit-file" "/home/tej/Documents/CNH/DockerImages/glxgears/code/warehouse_autonomous_robo_picker/build/ropislam/test_results/ropislam/pep257.xunit.xml"
Directory: /home/tej/Documents/CNH/DockerImages/glxgears/code/warehouse_autonomous_robo_picker/src/ropislam
"pep257" start time: Dec 20 00:19 EST
Output:
----------------------------------------------------------
-- run_test.py: invoking following command in '/home/tej/Documents/CNH/DockerImages/glxgears/code/warehouse_autonomous_robo_picker/src/ropislam':
 - /opt/ros/humble/bin/ament_pep257 --xunit-file /home/tej/Documents/CNH/DockerImages/glxgears/code/warehouse_autonomous_robo_picker/build/ropislam/test_results/ropislam/pep257.xunit.xml
checking ./launch/slam.launch.py
No problems found
-- run_test.py: return code 0
-- run_test.py: verify result file '/home/tej/Documents/CNH/DockerImages/glxgears/code/warehouse_autonomous_robo_picker/build/ropislam/test_results/ropislam/pep257.xunit.xml'
<end of output>
Test time =   0.10 sec
----------------------------------------------------------
Test Passed.
"pep257" end time: Dec 20 00:19 EST
"pep257" time elapsed: 00:00:00
----------------------------------------------------------

4/4 Testing: xmllint
4/4 Test: xmllint
Command: "/usr/bin/python3.10" "-u" "/opt/ros/humble/share/ament_cmake_test/cmake/run_test.py" "/home/tej/Documents/CNH/DockerImages/glxgears/code/warehouse_autonomous_robo_picker/build/ropislam/test_results/ropislam/xmllint.xunit.xml" "--package-name" "ropislam" "--output-file" "/home/tej/Documents/CNH/DockerImages/glxgears/code/warehouse_autonomous_robo_picker/build/ropislam/ament_xmllint/xmllint.txt" "--command" "/opt/ros/humble/bin/ament_xmllint" "--xunit-file" "/home/tej/Documents/CNH/DockerImages/glxgears/code/warehouse_autonomous_robo_picker/build/ropislam/test_results/ropislam/xmllint.xunit.xml"
Directory: /home/tej/Documents/CNH/DockerImages/glxgears/code/warehouse_autonomous_robo_picker/src/ropislam
"xmllint" start time: Dec 20 00:19 EST
Output:
----------------------------------------------------------
-- run_test.py: invoking following command in '/home/tej/Documents/CNH/DockerImages/glxgears/code/warehouse_autonomous_robo_picker/src/ropislam':
 - /opt/ros/humble/bin/ament_xmllint --xunit-file /home/tej/Documents/CNH/DockerImages/glxgears/code/warehouse_autonomous_robo_picker/build/ropislam/test_results/ropislam/xmllint.xunit.xml
File 'package.xml' is valid

No problems found
-- run_test.py: return code 0
-- run_test.py: verify result file '/home/tej/Documents/CNH/DockerImages/glxgears/code/warehouse_autonomous_robo_picker/build/ropislam/test_results/ropislam/xmllint.xunit.xml'
<end of output>
Test time =   0.14 sec
----------------------------------------------------------
Test Passed.
"xmllint" end time: Dec 20 00:19 EST
"xmllint" time elapsed: 00:00:00
----------------------------------------------------------

End testing: Dec 20 00:19 EST

flake8 =   0.14 sec*proc

lint_cmake =   0.07 sec*proc

linter =   0.45 sec*proc

pep257 =   0.10 sec*proc

xmllint =   0.14 sec*proc

